{"artifact":"/home/weet/Git/valhallac/target/rls/debug/deps/unicode_xid-17eff029b8a25424.d","emit":"dep-info"}
{"artifact":"/home/weet/Git/valhallac/target/rls/debug/deps/save-analysis/libunicode_xid-17eff029b8a25424.json","emit":"save-analysis"}
{"artifact":"/home/weet/Git/valhallac/target/rls/debug/deps/libunicode_xid-17eff029b8a25424.rmeta","emit":"metadata"}
{"artifact":"/home/weet/Git/valhallac/target/rls/debug/deps/libunicode_xid-17eff029b8a25424.rlib","emit":"link"}
{"artifact":"/home/weet/Git/valhallac/target/rls/debug/deps/quote-7bcc88813fa760c3.d","emit":"dep-info"}
{"artifact":"/home/weet/Git/valhallac/target/rls/debug/deps/save-analysis/libquote-7bcc88813fa760c3.json","emit":"save-analysis"}
{"artifact":"/home/weet/Git/valhallac/target/rls/debug/deps/libquote-7bcc88813fa760c3.rmeta","emit":"metadata"}
{"artifact":"/home/weet/Git/valhallac/target/rls/debug/deps/libquote-7bcc88813fa760c3.rlib","emit":"link"}
{"artifact":"/home/weet/Git/valhallac/target/rls/debug/deps/synom-c732e2e0eed1c9a1.d","emit":"dep-info"}
{"artifact":"/home/weet/Git/valhallac/target/rls/debug/deps/save-analysis/libsynom-c732e2e0eed1c9a1.json","emit":"save-analysis"}
{"artifact":"/home/weet/Git/valhallac/target/rls/debug/deps/libsynom-c732e2e0eed1c9a1.rmeta","emit":"metadata"}
{"artifact":"/home/weet/Git/valhallac/target/rls/debug/deps/libsynom-c732e2e0eed1c9a1.rlib","emit":"link"}
{"artifact":"/home/weet/Git/valhallac/target/rls/debug/deps/num_traits-aa353ed0927d39c8.d","emit":"dep-info"}
{"artifact":"/home/weet/Git/valhallac/target/rls/debug/deps/save-analysis/libnum_traits-aa353ed0927d39c8.json","emit":"save-analysis"}
{"artifact":"/home/weet/Git/valhallac/target/rls/debug/deps/libnum_traits-aa353ed0927d39c8.rmeta","emit":"metadata"}
{"artifact":"/home/weet/Git/valhallac/target/rls/debug/deps/libnum_traits-aa353ed0927d39c8.rlib","emit":"link"}
error: expected one of `->`, `where`, or `{`, found `fn`
 --> <stdin>:3:1
  |
1 | impl Dummy { fn marshal_element()
  |                                  - expected one of `->`, `where`, or `{` here
2 | 
3 | fn marshal_instructions(instrs : &Vec<Instr>) -> Vec<u8> { unimplemented!() } }
  | ^^ unexpected token

[2019-11-02T13:27:34Z ERROR rls::actions::hover] format_method: error: Failed, input: "impl Dummy { fn marshal_element()\n\nfn marshal_instructions(instrs : &Vec<Instr>) -> Vec<u8> { unimplemented!() } }"
error: expected one of `->`, `where`, or `{`, found `fn`
 --> <stdin>:3:1
  |
1 | impl Dummy { fn constant_type()
  |                                - expected one of `->`, `where`, or `{` here
2 | 
3 | fn marshal_element(element : Element) -> Vec<u8> { unimplemented!() } }
  | ^^ unexpected token

[2019-11-02T14:04:46Z ERROR rls::actions::hover] format_method: error: Failed, input: "impl Dummy { fn constant_type()\n\nfn marshal_element(element : Element) -> Vec<u8> { unimplemented!() } }"
error: expected `(`, found `marshal_element`
 --> <stdin>:3:4
  |
3 | fn marshal_element(element : Element) -> Vec<u8> { unimplemented!() } }
  |    ^^^^^^^^^^^^^^^ expected `(`

[2019-11-02T14:05:00Z ERROR rls::actions::hover] format_method: error: Failed, input: "impl Dummy { fn constant_type(element : Element) ->\n\nfn marshal_element(element : Element) -> Vec<u8> { unimplemented!() } }"
error: expected `(`, found `marshal_element`
 --> <stdin>:3:4
  |
3 | fn marshal_element(element : Element) -> Vec<u8> { unimplemented!() } }
  |    ^^^^^^^^^^^^^^^ expected `(`

[2019-11-02T14:05:02Z ERROR rls::actions::hover] format_method: error: Failed, input: "impl Dummy { fn constant_type(element : Element) ->\n\nfn marshal_element(element : Element) -> Vec<u8> { unimplemented!() } }"
